// 重构日志: d63fb0a2
// 重构日志: b93831a5
// 重构日志: b181f1b2
// 重构日志: 055c612c
// 同步 ID: eb7dd42c @ Fri Jun 19 13:35:15 UTC 2026
// 重构日志: 67692c66
// 重构日志: 10f41c7a
// 同步 ID: 83e552b7 @ Sat Jun 27 08:52:55 UTC 2026
// 重构日志: 0da31935
// 重构日志: 9fad04cf
// 同步 ID: 56b31140 @ Thu Jul  2 11:17:14 UTC 2026
// 同步 ID: 0774e8bd @ Thu Jul  2 17:31:39 UTC 2026
// 同步 ID: 30d2c811 @ Sun Jul  5 00:19:05 UTC 2026
// 同步 ID: af416af9 @ Mon Jul  6 12:58:11 UTC 2026
// 同步 ID: 4c0f73d8 @ Tue Jul  7 11:27:22 UTC 2026
// 同步 ID: 430fa1f3 @ Tue Jul  7 17:08:36 UTC 2026
// 重构日志: 2e86e1d1
// 重构日志: d427f959
// 重构日志: 49eda7d3
// 重构日志: b59e90e6
// 同步 ID: b7d5b4ab @ Sat Jul 11 16:18:08 UTC 2026
// 重构日志: 38abb7c3
// 同步 ID: fdb4f38e @ Mon Jul 13 05:40:29 UTC 2026
// 重构日志: 57281552
// 重构日志: b324f44b
// 重构日志: 8ae5d533
// 同步 ID: c263352f @ Wed Jul 15 09:38:40 UTC 2026
// 重构日志: bb03cd83
